mode: atomic
github.com/GarryWright/restFileDelivery/fileDelivery/database.go:21.47,24.26 2 18
github.com/GarryWright/restFileDelivery/fileDelivery/database.go:29.2,30.16 2 18
github.com/GarryWright/restFileDelivery/fileDelivery/database.go:34.2,35.40 2 18
github.com/GarryWright/restFileDelivery/fileDelivery/database.go:24.26,26.3 1 18
github.com/GarryWright/restFileDelivery/fileDelivery/database.go:30.16,31.13 1 0
github.com/GarryWright/restFileDelivery/fileDelivery/database.go:38.49,45.21 3 18
github.com/GarryWright/restFileDelivery/fileDelivery/database.go:45.21,46.18 1 0
github.com/GarryWright/restFileDelivery/fileDelivery/database.go:50.60,51.39 1 18
github.com/GarryWright/restFileDelivery/fileDelivery/database.go:51.39,56.3 4 18
github.com/GarryWright/restFileDelivery/fileDelivery/requestedFile.go:15.50,20.2 1 8
github.com/GarryWright/restFileDelivery/fileDelivery/requestedFile.go:21.72,25.2 3 4
github.com/GarryWright/restFileDelivery/fileDelivery/requestedFile.go:27.84,31.2 3 6
github.com/GarryWright/restFileDelivery/fileDelivery/requestedFile.go:33.76,36.2 2 6
github.com/GarryWright/restFileDelivery/fileDelivery/server.go:29.67,38.107 4 18
github.com/GarryWright/restFileDelivery/fileDelivery/server.go:50.2,50.97 1 18
github.com/GarryWright/restFileDelivery/fileDelivery/server.go:113.2,116.22 1 18
github.com/GarryWright/restFileDelivery/fileDelivery/server.go:140.2,140.10 1 18
github.com/GarryWright/restFileDelivery/fileDelivery/server.go:38.107,40.17 2 4
github.com/GarryWright/restFileDelivery/fileDelivery/server.go:40.17,44.4 1 0
github.com/GarryWright/restFileDelivery/fileDelivery/server.go:44.4,46.4 1 4
github.com/GarryWright/restFileDelivery/fileDelivery/server.go:50.97,52.39 1 6
github.com/GarryWright/restFileDelivery/fileDelivery/server.go:57.3,62.17 4 6
github.com/GarryWright/restFileDelivery/fileDelivery/server.go:67.3,77.97 5 6
github.com/GarryWright/restFileDelivery/fileDelivery/server.go:82.3,86.28 2 5
github.com/GarryWright/restFileDelivery/fileDelivery/server.go:52.39,56.4 1 0
github.com/GarryWright/restFileDelivery/fileDelivery/server.go:62.17,66.4 1 1
github.com/GarryWright/restFileDelivery/fileDelivery/server.go:77.97,81.4 1 1
github.com/GarryWright/restFileDelivery/fileDelivery/server.go:86.28,88.44 1 3
github.com/GarryWright/restFileDelivery/fileDelivery/server.go:88.44,92.5 1 0
github.com/GarryWright/restFileDelivery/fileDelivery/server.go:93.4,95.18 2 2
github.com/GarryWright/restFileDelivery/fileDelivery/server.go:107.4,107.22 1 2
github.com/GarryWright/restFileDelivery/fileDelivery/server.go:95.18,99.5 1 0
github.com/GarryWright/restFileDelivery/fileDelivery/server.go:99.5,100.54 1 2
github.com/GarryWright/restFileDelivery/fileDelivery/server.go:100.54,104.6 1 0
github.com/GarryWright/restFileDelivery/fileDelivery/server.go:116.22,118.29 1 8
github.com/GarryWright/restFileDelivery/fileDelivery/server.go:118.29,121.19 2 6
github.com/GarryWright/restFileDelivery/fileDelivery/server.go:121.19,124.6 1 4
github.com/GarryWright/restFileDelivery/fileDelivery/server.go:124.6,129.6 1 2
github.com/GarryWright/restFileDelivery/fileDelivery/server.go:130.5,135.5 1 2
