mode: atomic
github.com/GarryWright/restFileDelivery/fileDelivery/requestedFile.go:19.50,24.2 1 8
github.com/GarryWright/restFileDelivery/fileDelivery/requestedFile.go:25.72,29.2 3 4
github.com/GarryWright/restFileDelivery/fileDelivery/requestedFile.go:31.84,35.2 3 6
github.com/GarryWright/restFileDelivery/fileDelivery/requestedFile.go:37.76,40.2 2 6
github.com/GarryWright/restFileDelivery/fileDelivery/requestedFile.go:41.56,46.2 4 6
github.com/GarryWright/restFileDelivery/fileDelivery/server.go:27.67,36.107 4 18
github.com/GarryWright/restFileDelivery/fileDelivery/server.go:48.2,48.97 1 18
github.com/GarryWright/restFileDelivery/fileDelivery/server.go:112.2,115.22 1 18
github.com/GarryWright/restFileDelivery/fileDelivery/server.go:139.2,139.10 1 18
github.com/GarryWright/restFileDelivery/fileDelivery/server.go:36.107,38.17 2 4
github.com/GarryWright/restFileDelivery/fileDelivery/server.go:38.17,42.4 1 0
github.com/GarryWright/restFileDelivery/fileDelivery/server.go:42.4,44.4 1 4
github.com/GarryWright/restFileDelivery/fileDelivery/server.go:48.97,50.39 1 6
github.com/GarryWright/restFileDelivery/fileDelivery/server.go:55.3,60.17 4 6
github.com/GarryWright/restFileDelivery/fileDelivery/server.go:65.3,72.91 3 6
github.com/GarryWright/restFileDelivery/fileDelivery/server.go:80.3,80.28 1 5
github.com/GarryWright/restFileDelivery/fileDelivery/server.go:50.39,54.4 1 0
github.com/GarryWright/restFileDelivery/fileDelivery/server.go:60.17,64.4 1 1
github.com/GarryWright/restFileDelivery/fileDelivery/server.go:72.91,76.4 1 1
github.com/GarryWright/restFileDelivery/fileDelivery/server.go:80.28,82.44 1 3
github.com/GarryWright/restFileDelivery/fileDelivery/server.go:82.44,86.5 1 0
github.com/GarryWright/restFileDelivery/fileDelivery/server.go:87.4,90.18 3 2
github.com/GarryWright/restFileDelivery/fileDelivery/server.go:90.18,94.5 1 0
github.com/GarryWright/restFileDelivery/fileDelivery/server.go:94.5,95.54 1 2
github.com/GarryWright/restFileDelivery/fileDelivery/server.go:95.54,99.6 1 0
github.com/GarryWright/restFileDelivery/fileDelivery/server.go:99.6,104.6 2 2
github.com/GarryWright/restFileDelivery/fileDelivery/server.go:115.22,117.29 1 8
github.com/GarryWright/restFileDelivery/fileDelivery/server.go:117.29,120.19 2 6
github.com/GarryWright/restFileDelivery/fileDelivery/server.go:120.19,123.6 1 4
github.com/GarryWright/restFileDelivery/fileDelivery/server.go:123.6,128.6 1 2
github.com/GarryWright/restFileDelivery/fileDelivery/server.go:129.5,134.5 1 2
github.com/GarryWright/restFileDelivery/fileDelivery/database.go:21.47,24.26 2 18
github.com/GarryWright/restFileDelivery/fileDelivery/database.go:29.2,30.16 2 18
github.com/GarryWright/restFileDelivery/fileDelivery/database.go:34.2,35.40 2 18
github.com/GarryWright/restFileDelivery/fileDelivery/database.go:24.26,26.3 1 18
github.com/GarryWright/restFileDelivery/fileDelivery/database.go:30.16,31.13 1 0
github.com/GarryWright/restFileDelivery/fileDelivery/database.go:38.49,45.21 3 18
github.com/GarryWright/restFileDelivery/fileDelivery/database.go:45.21,46.18 1 0
github.com/GarryWright/restFileDelivery/fileDelivery/database.go:50.60,51.39 1 18
github.com/GarryWright/restFileDelivery/fileDelivery/database.go:51.39,56.3 4 18
